# JRE version: Java(TM) SE Runtime Environment 18.9 (11.0.18+9) (build 11.0.18+9-LTS-195)
# Java VM: Java HotSpot(TM) 64-Bit Server VM 18.9 (11.0.18+9-LTS-195, mixed mode, tiered, compressed oops, g1 gc, windows-amd64)
Heap:
 garbage-first heap   total 152576K, used 32134K [0x0000000084a00000, 0x0000000100000000)
  region size 1024K, 4 young (4096K), 4 survivors (4096K)
 Metaspace       used 58417K, capacity 59948K, committed 60028K, reserved 1101824K
  class space    used 7912K, capacity 8598K, committed 8652K, reserved 1048576K
GC Heap History (10 events):
Event: 6.813 GC heap after
{Heap after GC invocations=8 (full 0):
 garbage-first heap   total 126976K, used 20956K [0x0000000084a00000, 0x0000000100000000)
  region size 1024K, 6 young (6144K), 6 survivors (6144K)
 Metaspace       used 34092K, capacity 35191K, committed 35376K, reserved 1079296K
  class space    used 4237K, capacity 4663K, committed 4736K, reserved 1048576K
}
Event: 6.872 GC heap before
{Heap before GC invocations=8 (full 0):
 garbage-first heap   total 126976K, used 26076K [0x0000000084a00000, 0x0000000100000000)
  region size 1024K, 12 young (12288K), 6 survivors (6144K)
 Metaspace       used 34528K, capacity 35585K, committed 35632K, reserved 1081344K
  class space    used 4289K, capacity 4730K, committed 4736K, reserved 1048576K
}
Event: 6.880 GC heap after
{Heap after GC invocations=9 (full 0):
 garbage-first heap   total 126976K, used 21045K [0x0000000084a00000, 0x0000000100000000)
  region size 1024K, 6 young (6144K), 6 survivors (6144K)
 Metaspace       used 34528K, capacity 35585K, committed 35632K, reserved 1081344K
  class space    used 4289K, capacity 4730K, committed 4736K, reserved 1048576K
}
Event: 7.621 GC heap before
{Heap before GC invocations=10 (full 0):
 garbage-first heap   total 126976K, used 90677K [0x0000000084a00000, 0x0000000100000000)
  region size 1024K, 74 young (75776K), 6 survivors (6144K)
 Metaspace       used 38988K, capacity 40204K, committed 40368K, reserved 1083392K
  class space    used 5052K, capacity 5584K, committed 5632K, reserved 1048576K
}
Event: 7.627 GC heap after
{Heap after GC invocations=11 (full 0):
 garbage-first heap   total 126976K, used 23035K [0x0000000084a00000, 0x0000000100000000)
  region size 1024K, 7 young (7168K), 7 survivors (7168K)
 Metaspace       used 38988K, capacity 40204K, committed 40368K, reserved 1083392K
  class space    used 5052K, capacity 5584K, committed 5632K, reserved 1048576K
}
Event: 8.556 GC heap before
{Heap before GC invocations=11 (full 0):
 garbage-first heap   total 126976K, used 99835K [0x0000000084a00000, 0x0000000100000000)
  region size 1024K, 74 young (75776K), 7 survivors (7168K)
 Metaspace       used 44120K, capacity 45472K, committed 45744K, reserved 1089536K
  class space    used 5700K, capacity 6277K, committed 6400K, reserved 1048576K
}
Event: 8.564 GC heap after
{Heap after GC invocations=12 (full 0):
 garbage-first heap   total 126976K, used 29103K [0x0000000084a00000, 0x0000000100000000)
  region size 1024K, 10 young (10240K), 10 survivors (10240K)
 Metaspace       used 44120K, capacity 45472K, committed 45744K, reserved 1089536K
  class space    used 5700K, capacity 6277K, committed 6400K, reserved 1048576K
}
Event: 11.297 GC heap before
{Heap before GC invocations=12 (full 0):
 garbage-first heap   total 126976K, used 99759K [0x0000000084a00000, 0x0000000100000000)
  region size 1024K, 74 young (75776K), 10 survivors (10240K)
 Metaspace       used 50635K, capacity 52133K, committed 52400K, reserved 1093632K
  class space    used 6641K, capacity 7300K, committed 7424K, reserved 1048576K
}
Event: 11.309 GC heap after
{Heap after GC invocations=13 (full 0):
 garbage-first heap   total 126976K, used 31506K [0x0000000084a00000, 0x0000000100000000)
  region size 1024K, 3 young (3072K), 3 survivors (3072K)
 Metaspace       used 50635K, capacity 52133K, committed 52400K, reserved 1093632K
  class space    used 6641K, capacity 7300K, committed 7424K, reserved 1048576K
}
Event: 13.494 GC heap before
{Heap before GC invocations=13 (full 0):
 garbage-first heap   total 126976K, used 77586K [0x0000000084a00000, 0x0000000100000000)
  region size 1024K, 49 young (50176K), 3 survivors (3072K)
 Metaspace       used 58417K, capacity 59948K, committed 60028K, reserved 1101824K
  class space    used 7912K, capacity 8598K, committed 8652K, reserved 1048576K
}

